[{
  "data": "starting epoch number 0\n",
  "stream_name": "stdout",
  "time": 9.514317420995212
},{
  "data": "torch.Size([1, 1, 1280, 1918])\ntorch.Size([1, 1280, 1918])\n",
  "stream_name": "stdout",
  "time": 10.437599019001937
},{
  "data": "Traceback (most recent call last):\n  File \"../src/script.py\", line 163, in <module>\n",
  "stream_name": "stderr",
  "time": 10.442618572007632
},{
  "data": "    loss = criterion(original_mask, mask_pred)\n  File \"/opt/conda/lib/python3.6/site-packages/torch/nn/modules/module.py\", line 547, in __call__\n    result = self.forward(*input, **kwargs)\n  File \"/opt/conda/lib/python3.6/site-packages/torch/nn/modules/loss.py\", line 916, in forward\n",
  "stream_name": "stderr",
  "time": 10.445357060001697
},{
  "data": "    ignore_index=self.ignore_index, reduction=self.reduction)\n  File \"/opt/conda/lib/python3.6/site-packages/torch/nn/functional.py\", line 1995, in cross_entropy\n",
  "stream_name": "stderr",
  "time": 10.456587706998107
},{
  "data": "    return nll_loss(log_softmax(input, 1), target, weight, None, ignore_index, None, reduction)\n  File \"/opt/conda/lib/python3.6/site-packages/torch/nn/functional.py\", line 1834, in nll_loss\n    out_size, target.size()))\nValueError: Expected target size (1, 1918), got torch.Size([1, 1, 1280, 1918])\n",
  "stream_name": "stderr",
  "time": 10.458311734997551
}]